{"/Users/romatroskin/Developer/romatroskin.github.io/src/components/Perlin.tsx": {"path":"/Users/romatroskin/Developer/romatroskin.github.io/src/components/Perlin.tsx","statementMap":{"0":{"start":{"line":7,"column":8},"end":{"line":7,"column":null}},"1":{"start":{"line":8,"column":8},"end":{"line":8,"column":null}},"2":{"start":{"line":9,"column":8},"end":{"line":9,"column":null}},"3":{"start":{"line":13,"column":8},"end":{"line":13,"column":null}},"4":{"start":{"line":17,"column":8},"end":{"line":17,"column":null}},"5":{"start":{"line":22,"column":23},"end":{"line":36,"column":null}},"6":{"start":{"line":38,"column":12},"end":{"line":51,"column":null}},"7":{"start":{"line":53,"column":11},"end":{"line":53,"column":null}},"8":{"start":{"line":54,"column":12},"end":{"line":54,"column":null}},"9":{"start":{"line":56,"column":9},"end":{"line":56,"column":null}},"10":{"start":{"line":57,"column":4},"end":{"line":57,"column":null}},"11":{"start":{"line":59,"column":9},"end":{"line":59,"column":null}},"12":{"start":{"line":60,"column":9},"end":{"line":60,"column":null}},"13":{"start":{"line":63,"column":8},"end":{"line":66,"column":null}},"14":{"start":{"line":65,"column":12},"end":{"line":65,"column":null}},"15":{"start":{"line":68,"column":8},"end":{"line":68,"column":null}},"16":{"start":{"line":69,"column":8},"end":{"line":71,"column":null}},"17":{"start":{"line":70,"column":12},"end":{"line":70,"column":null}},"18":{"start":{"line":73,"column":8},"end":{"line":83,"column":null}},"19":{"start":{"line":73,"column":21},"end":{"line":73,"column":24}},"20":{"start":{"line":75,"column":12},"end":{"line":79,"column":null}},"21":{"start":{"line":76,"column":16},"end":{"line":76,"column":null}},"22":{"start":{"line":78,"column":16},"end":{"line":78,"column":null}},"23":{"start":{"line":81,"column":12},"end":{"line":81,"column":null}},"24":{"start":{"line":82,"column":12},"end":{"line":82,"column":null}},"25":{"start":{"line":89,"column":14},"end":{"line":89,"column":null}},"26":{"start":{"line":90,"column":16},"end":{"line":90,"column":null}},"27":{"start":{"line":91,"column":16},"end":{"line":91,"column":null}},"28":{"start":{"line":92,"column":14},"end":{"line":92,"column":null}},"29":{"start":{"line":93,"column":19},"end":{"line":93,"column":null}},"30":{"start":{"line":94,"column":19},"end":{"line":94,"column":null}},"31":{"start":{"line":98,"column":8},"end":{"line":106,"column":null}},"32":{"start":{"line":100,"column":12},"end":{"line":100,"column":null}},"33":{"start":{"line":101,"column":12},"end":{"line":101,"column":null}},"34":{"start":{"line":104,"column":12},"end":{"line":104,"column":null}},"35":{"start":{"line":105,"column":12},"end":{"line":105,"column":null}},"36":{"start":{"line":110,"column":19},"end":{"line":110,"column":null}},"37":{"start":{"line":111,"column":19},"end":{"line":111,"column":null}},"38":{"start":{"line":112,"column":19},"end":{"line":112,"column":null}},"39":{"start":{"line":113,"column":19},"end":{"line":113,"column":null}},"40":{"start":{"line":115,"column":8},"end":{"line":115,"column":null}},"41":{"start":{"line":116,"column":8},"end":{"line":116,"column":null}},"42":{"start":{"line":117,"column":20},"end":{"line":117,"column":null}},"43":{"start":{"line":118,"column":20},"end":{"line":118,"column":null}},"44":{"start":{"line":119,"column":20},"end":{"line":119,"column":null}},"45":{"start":{"line":121,"column":17},"end":{"line":121,"column":null}},"46":{"start":{"line":122,"column":8},"end":{"line":127,"column":null}},"47":{"start":{"line":123,"column":12},"end":{"line":123,"column":null}},"48":{"start":{"line":125,"column":12},"end":{"line":125,"column":null}},"49":{"start":{"line":126,"column":12},"end":{"line":126,"column":null}},"50":{"start":{"line":128,"column":17},"end":{"line":128,"column":null}},"51":{"start":{"line":129,"column":8},"end":{"line":134,"column":null}},"52":{"start":{"line":130,"column":12},"end":{"line":130,"column":null}},"53":{"start":{"line":132,"column":12},"end":{"line":132,"column":null}},"54":{"start":{"line":133,"column":12},"end":{"line":133,"column":null}},"55":{"start":{"line":135,"column":17},"end":{"line":135,"column":null}},"56":{"start":{"line":136,"column":8},"end":{"line":141,"column":null}},"57":{"start":{"line":137,"column":12},"end":{"line":137,"column":null}},"58":{"start":{"line":139,"column":12},"end":{"line":139,"column":null}},"59":{"start":{"line":140,"column":12},"end":{"line":140,"column":null}},"60":{"start":{"line":144,"column":8},"end":{"line":144,"column":null}},"61":{"start":{"line":151,"column":14},"end":{"line":151,"column":null}},"62":{"start":{"line":152,"column":16},"end":{"line":152,"column":null}},"63":{"start":{"line":153,"column":16},"end":{"line":153,"column":null}},"64":{"start":{"line":154,"column":16},"end":{"line":154,"column":null}},"65":{"start":{"line":156,"column":14},"end":{"line":156,"column":null}},"66":{"start":{"line":157,"column":19},"end":{"line":157,"column":null}},"67":{"start":{"line":158,"column":19},"end":{"line":158,"column":null}},"68":{"start":{"line":159,"column":19},"end":{"line":159,"column":null}},"69":{"start":{"line":165,"column":8},"end":{"line":211,"column":null}},"70":{"start":{"line":166,"column":12},"end":{"line":187,"column":null}},"71":{"start":{"line":167,"column":16},"end":{"line":167,"column":null}},"72":{"start":{"line":168,"column":16},"end":{"line":168,"column":null}},"73":{"start":{"line":169,"column":16},"end":{"line":169,"column":null}},"74":{"start":{"line":170,"column":16},"end":{"line":170,"column":null}},"75":{"start":{"line":171,"column":16},"end":{"line":171,"column":null}},"76":{"start":{"line":172,"column":16},"end":{"line":172,"column":null}},"77":{"start":{"line":173,"column":12},"end":{"line":187,"column":null}},"78":{"start":{"line":174,"column":16},"end":{"line":174,"column":null}},"79":{"start":{"line":175,"column":16},"end":{"line":175,"column":null}},"80":{"start":{"line":176,"column":16},"end":{"line":176,"column":null}},"81":{"start":{"line":177,"column":16},"end":{"line":177,"column":null}},"82":{"start":{"line":178,"column":16},"end":{"line":178,"column":null}},"83":{"start":{"line":179,"column":16},"end":{"line":179,"column":null}},"84":{"start":{"line":181,"column":16},"end":{"line":181,"column":null}},"85":{"start":{"line":182,"column":16},"end":{"line":182,"column":null}},"86":{"start":{"line":183,"column":16},"end":{"line":183,"column":null}},"87":{"start":{"line":184,"column":16},"end":{"line":184,"column":null}},"88":{"start":{"line":185,"column":16},"end":{"line":185,"column":null}},"89":{"start":{"line":186,"column":16},"end":{"line":186,"column":null}},"90":{"start":{"line":189,"column":12},"end":{"line":210,"column":null}},"91":{"start":{"line":190,"column":16},"end":{"line":190,"column":null}},"92":{"start":{"line":191,"column":16},"end":{"line":191,"column":null}},"93":{"start":{"line":192,"column":16},"end":{"line":192,"column":null}},"94":{"start":{"line":193,"column":16},"end":{"line":193,"column":null}},"95":{"start":{"line":194,"column":16},"end":{"line":194,"column":null}},"96":{"start":{"line":195,"column":16},"end":{"line":195,"column":null}},"97":{"start":{"line":196,"column":12},"end":{"line":210,"column":null}},"98":{"start":{"line":197,"column":16},"end":{"line":197,"column":null}},"99":{"start":{"line":198,"column":16},"end":{"line":198,"column":null}},"100":{"start":{"line":199,"column":16},"end":{"line":199,"column":null}},"101":{"start":{"line":200,"column":16},"end":{"line":200,"column":null}},"102":{"start":{"line":201,"column":16},"end":{"line":201,"column":null}},"103":{"start":{"line":202,"column":16},"end":{"line":202,"column":null}},"104":{"start":{"line":204,"column":16},"end":{"line":204,"column":null}},"105":{"start":{"line":205,"column":16},"end":{"line":205,"column":null}},"106":{"start":{"line":206,"column":16},"end":{"line":206,"column":null}},"107":{"start":{"line":207,"column":16},"end":{"line":207,"column":null}},"108":{"start":{"line":208,"column":16},"end":{"line":208,"column":null}},"109":{"start":{"line":209,"column":16},"end":{"line":209,"column":null}},"110":{"start":{"line":216,"column":19},"end":{"line":216,"column":null}},"111":{"start":{"line":217,"column":19},"end":{"line":217,"column":null}},"112":{"start":{"line":218,"column":19},"end":{"line":218,"column":null}},"113":{"start":{"line":220,"column":19},"end":{"line":220,"column":null}},"114":{"start":{"line":221,"column":19},"end":{"line":221,"column":null}},"115":{"start":{"line":222,"column":19},"end":{"line":222,"column":null}},"116":{"start":{"line":224,"column":19},"end":{"line":224,"column":null}},"117":{"start":{"line":225,"column":19},"end":{"line":225,"column":null}},"118":{"start":{"line":226,"column":19},"end":{"line":226,"column":null}},"119":{"start":{"line":229,"column":8},"end":{"line":229,"column":null}},"120":{"start":{"line":230,"column":8},"end":{"line":230,"column":null}},"121":{"start":{"line":231,"column":8},"end":{"line":231,"column":null}},"122":{"start":{"line":232,"column":20},"end":{"line":232,"column":null}},"123":{"start":{"line":233,"column":20},"end":{"line":233,"column":null}},"124":{"start":{"line":234,"column":20},"end":{"line":234,"column":null}},"125":{"start":{"line":235,"column":20},"end":{"line":235,"column":null}},"126":{"start":{"line":238,"column":17},"end":{"line":238,"column":null}},"127":{"start":{"line":239,"column":8},"end":{"line":244,"column":null}},"128":{"start":{"line":240,"column":12},"end":{"line":240,"column":null}},"129":{"start":{"line":242,"column":12},"end":{"line":242,"column":null}},"130":{"start":{"line":243,"column":12},"end":{"line":243,"column":null}},"131":{"start":{"line":245,"column":17},"end":{"line":245,"column":null}},"132":{"start":{"line":246,"column":8},"end":{"line":251,"column":null}},"133":{"start":{"line":247,"column":12},"end":{"line":247,"column":null}},"134":{"start":{"line":249,"column":12},"end":{"line":249,"column":null}},"135":{"start":{"line":250,"column":12},"end":{"line":250,"column":null}},"136":{"start":{"line":252,"column":17},"end":{"line":252,"column":null}},"137":{"start":{"line":253,"column":8},"end":{"line":258,"column":null}},"138":{"start":{"line":254,"column":12},"end":{"line":254,"column":null}},"139":{"start":{"line":256,"column":12},"end":{"line":256,"column":null}},"140":{"start":{"line":257,"column":12},"end":{"line":257,"column":null}},"141":{"start":{"line":259,"column":17},"end":{"line":259,"column":null}},"142":{"start":{"line":260,"column":8},"end":{"line":265,"column":null}},"143":{"start":{"line":261,"column":12},"end":{"line":261,"column":null}},"144":{"start":{"line":263,"column":12},"end":{"line":263,"column":null}},"145":{"start":{"line":264,"column":12},"end":{"line":264,"column":null}},"146":{"start":{"line":268,"column":8},"end":{"line":268,"column":null}},"147":{"start":{"line":274,"column":8},"end":{"line":274,"column":null}},"148":{"start":{"line":278,"column":8},"end":{"line":278,"column":null}},"149":{"start":{"line":282,"column":16},"end":{"line":282,"column":null}},"150":{"start":{"line":283,"column":16},"end":{"line":283,"column":null}},"151":{"start":{"line":285,"column":8},"end":{"line":285,"column":null}},"152":{"start":{"line":286,"column":8},"end":{"line":286,"column":null}},"153":{"start":{"line":288,"column":8},"end":{"line":288,"column":null}},"154":{"start":{"line":289,"column":8},"end":{"line":289,"column":null}},"155":{"start":{"line":292,"column":20},"end":{"line":292,"column":null}},"156":{"start":{"line":293,"column":20},"end":{"line":293,"column":null}},"157":{"start":{"line":294,"column":20},"end":{"line":294,"column":null}},"158":{"start":{"line":295,"column":20},"end":{"line":295,"column":null}},"159":{"start":{"line":298,"column":18},"end":{"line":298,"column":null}},"160":{"start":{"line":301,"column":8},"end":{"line":301,"column":null}},"161":{"start":{"line":306,"column":16},"end":{"line":306,"column":null}},"162":{"start":{"line":307,"column":16},"end":{"line":307,"column":null}},"163":{"start":{"line":308,"column":16},"end":{"line":308,"column":null}},"164":{"start":{"line":310,"column":8},"end":{"line":310,"column":null}},"165":{"start":{"line":311,"column":8},"end":{"line":311,"column":null}},"166":{"start":{"line":312,"column":8},"end":{"line":312,"column":null}},"167":{"start":{"line":314,"column":8},"end":{"line":314,"column":null}},"168":{"start":{"line":315,"column":8},"end":{"line":315,"column":null}},"169":{"start":{"line":316,"column":8},"end":{"line":316,"column":null}},"170":{"start":{"line":319,"column":21},"end":{"line":319,"column":null}},"171":{"start":{"line":320,"column":21},"end":{"line":320,"column":null}},"172":{"start":{"line":321,"column":21},"end":{"line":321,"column":null}},"173":{"start":{"line":322,"column":21},"end":{"line":322,"column":null}},"174":{"start":{"line":323,"column":21},"end":{"line":323,"column":null}},"175":{"start":{"line":324,"column":21},"end":{"line":324,"column":null}},"176":{"start":{"line":325,"column":21},"end":{"line":325,"column":null}},"177":{"start":{"line":326,"column":21},"end":{"line":330,"column":null}},"178":{"start":{"line":333,"column":18},"end":{"line":333,"column":null}},"179":{"start":{"line":334,"column":18},"end":{"line":334,"column":null}},"180":{"start":{"line":335,"column":18},"end":{"line":335,"column":null}},"181":{"start":{"line":338,"column":8},"end":{"line":342,"column":null}}},"fnMap":{"0":{"name":"(anonymous_0)","decl":{"start":{"line":6,"column":4},"end":{"line":6,"column":16}},"loc":{"start":{"line":6,"column":49},"end":{"line":10,"column":null}},"line":6},"1":{"name":"(anonymous_1)","decl":{"start":{"line":12,"column":4},"end":{"line":12,"column":9}},"loc":{"start":{"line":12,"column":39},"end":{"line":14,"column":null}},"line":12},"2":{"name":"(anonymous_2)","decl":{"start":{"line":16,"column":4},"end":{"line":16,"column":9}},"loc":{"start":{"line":16,"column":50},"end":{"line":18,"column":null}},"line":16},"3":{"name":"(anonymous_3)","decl":{"start":{"line":62,"column":4},"end":{"line":62,"column":16}},"loc":{"start":{"line":62,"column":26},"end":{"line":84,"column":null}},"line":62},"4":{"name":"(anonymous_4)","decl":{"start":{"line":86,"column":4},"end":{"line":86,"column":13}},"loc":{"start":{"line":86,"column":47},"end":{"line":145,"column":null}},"line":86},"5":{"name":"(anonymous_5)","decl":{"start":{"line":147,"column":4},"end":{"line":147,"column":13}},"loc":{"start":{"line":147,"column":60},"end":{"line":269,"column":null}},"line":147},"6":{"name":"(anonymous_6)","decl":{"start":{"line":273,"column":12},"end":{"line":273,"column":17}},"loc":{"start":{"line":273,"column":36},"end":{"line":275,"column":null}},"line":273},"7":{"name":"(anonymous_7)","decl":{"start":{"line":277,"column":12},"end":{"line":277,"column":17}},"loc":{"start":{"line":277,"column":58},"end":{"line":279,"column":null}},"line":277},"8":{"name":"(anonymous_8)","decl":{"start":{"line":281,"column":4},"end":{"line":281,"column":12}},"loc":{"start":{"line":281,"column":42},"end":{"line":302,"column":null}},"line":281},"9":{"name":"(anonymous_9)","decl":{"start":{"line":304,"column":4},"end":{"line":304,"column":12}},"loc":{"start":{"line":304,"column":53},"end":{"line":343,"column":null}},"line":304}},"branchMap":{"0":{"loc":{"start":{"line":62,"column":16},"end":{"line":62,"column":26}},"type":"default-arg","locations":[{"start":{"line":62,"column":23},"end":{"line":62,"column":26}}],"line":62},"1":{"loc":{"start":{"line":63,"column":8},"end":{"line":66,"column":null}},"type":"if","locations":[{"start":{"line":63,"column":8},"end":{"line":66,"column":null}},{"start":{},"end":{}}],"line":63},"2":{"loc":{"start":{"line":63,"column":12},"end":{"line":63,"column":34}},"type":"binary-expr","locations":[{"start":{"line":63,"column":12},"end":{"line":63,"column":24}},{"start":{"line":63,"column":24},"end":{"line":63,"column":34}}],"line":63},"3":{"loc":{"start":{"line":69,"column":8},"end":{"line":71,"column":null}},"type":"if","locations":[{"start":{"line":69,"column":8},"end":{"line":71,"column":null}},{"start":{},"end":{}}],"line":69},"4":{"loc":{"start":{"line":75,"column":12},"end":{"line":79,"column":null}},"type":"if","locations":[{"start":{"line":75,"column":12},"end":{"line":79,"column":null}},{"start":{"line":77,"column":19},"end":{"line":79,"column":null}}],"line":75},"5":{"loc":{"start":{"line":98,"column":8},"end":{"line":106,"column":null}},"type":"if","locations":[{"start":{"line":98,"column":8},"end":{"line":106,"column":null}},{"start":{"line":102,"column":15},"end":{"line":106,"column":null}}],"line":98},"6":{"loc":{"start":{"line":122,"column":8},"end":{"line":127,"column":null}},"type":"if","locations":[{"start":{"line":122,"column":8},"end":{"line":127,"column":null}},{"start":{"line":124,"column":15},"end":{"line":127,"column":null}}],"line":122},"7":{"loc":{"start":{"line":129,"column":8},"end":{"line":134,"column":null}},"type":"if","locations":[{"start":{"line":129,"column":8},"end":{"line":134,"column":null}},{"start":{"line":131,"column":15},"end":{"line":134,"column":null}}],"line":129},"8":{"loc":{"start":{"line":136,"column":8},"end":{"line":141,"column":null}},"type":"if","locations":[{"start":{"line":136,"column":8},"end":{"line":141,"column":null}},{"start":{"line":138,"column":15},"end":{"line":141,"column":null}}],"line":136},"9":{"loc":{"start":{"line":165,"column":8},"end":{"line":211,"column":null}},"type":"if","locations":[{"start":{"line":165,"column":8},"end":{"line":211,"column":null}},{"start":{"line":188,"column":15},"end":{"line":211,"column":null}}],"line":165},"10":{"loc":{"start":{"line":166,"column":12},"end":{"line":187,"column":null}},"type":"if","locations":[{"start":{"line":166,"column":12},"end":{"line":187,"column":null}},{"start":{"line":173,"column":12},"end":{"line":187,"column":null}}],"line":166},"11":{"loc":{"start":{"line":173,"column":12},"end":{"line":187,"column":null}},"type":"if","locations":[{"start":{"line":173,"column":12},"end":{"line":187,"column":null}},{"start":{"line":180,"column":19},"end":{"line":187,"column":null}}],"line":173},"12":{"loc":{"start":{"line":189,"column":12},"end":{"line":210,"column":null}},"type":"if","locations":[{"start":{"line":189,"column":12},"end":{"line":210,"column":null}},{"start":{"line":196,"column":12},"end":{"line":210,"column":null}}],"line":189},"13":{"loc":{"start":{"line":196,"column":12},"end":{"line":210,"column":null}},"type":"if","locations":[{"start":{"line":196,"column":12},"end":{"line":210,"column":null}},{"start":{"line":203,"column":19},"end":{"line":210,"column":null}}],"line":196},"14":{"loc":{"start":{"line":239,"column":8},"end":{"line":244,"column":null}},"type":"if","locations":[{"start":{"line":239,"column":8},"end":{"line":244,"column":null}},{"start":{"line":241,"column":15},"end":{"line":244,"column":null}}],"line":239},"15":{"loc":{"start":{"line":246,"column":8},"end":{"line":251,"column":null}},"type":"if","locations":[{"start":{"line":246,"column":8},"end":{"line":251,"column":null}},{"start":{"line":248,"column":15},"end":{"line":251,"column":null}}],"line":246},"16":{"loc":{"start":{"line":253,"column":8},"end":{"line":258,"column":null}},"type":"if","locations":[{"start":{"line":253,"column":8},"end":{"line":258,"column":null}},{"start":{"line":255,"column":15},"end":{"line":258,"column":null}}],"line":253},"17":{"loc":{"start":{"line":260,"column":8},"end":{"line":265,"column":null}},"type":"if","locations":[{"start":{"line":260,"column":8},"end":{"line":265,"column":null}},{"start":{"line":262,"column":15},"end":{"line":265,"column":null}}],"line":260}},"s":{"0":276,"1":276,"2":276,"3":745,"4":0,"5":23,"6":23,"7":23,"8":23,"9":23,"10":23,"11":23,"12":23,"13":23,"14":4,"15":23,"16":23,"17":4,"18":23,"19":23,"20":5888,"21":2944,"22":2944,"23":5888,"24":5888,"25":110,"26":110,"27":110,"28":110,"29":110,"30":110,"31":110,"32":50,"33":50,"34":60,"35":60,"36":110,"37":110,"38":110,"39":110,"40":110,"41":110,"42":110,"43":110,"44":110,"45":110,"46":110,"47":12,"48":98,"49":98,"50":110,"51":110,"52":21,"53":89,"54":89,"55":110,"56":110,"57":8,"58":102,"59":102,"60":110,"61":0,"62":0,"63":0,"64":0,"65":0,"66":0,"67":0,"68":0,"69":0,"70":0,"71":0,"72":0,"73":0,"74":0,"75":0,"76":0,"77":0,"78":0,"79":0,"80":0,"81":0,"82":0,"83":0,"84":0,"85":0,"86":0,"87":0,"88":0,"89":0,"90":0,"91":0,"92":0,"93":0,"94":0,"95":0,"96":0,"97":0,"98":0,"99":0,"100":0,"101":0,"102":0,"103":0,"104":0,"105":0,"106":0,"107":0,"108":0,"109":0,"110":0,"111":0,"112":0,"113":0,"114":0,"115":0,"116":0,"117":0,"118":0,"119":0,"120":0,"121":0,"122":0,"123":0,"124":0,"125":0,"126":0,"127":0,"128":0,"129":0,"130":0,"131":0,"132":0,"133":0,"134":0,"135":0,"136":0,"137":0,"138":0,"139":0,"140":0,"141":0,"142":0,"143":0,"144":0,"145":0,"146":0,"147":228,"148":342,"149":114,"150":114,"151":114,"152":114,"153":114,"154":114,"155":114,"156":114,"157":114,"158":114,"159":114,"160":114,"161":0,"162":0,"163":0,"164":0,"165":0,"166":0,"167":0,"168":0,"169":0,"170":0,"171":0,"172":0,"173":0,"174":0,"175":0,"176":0,"177":0,"178":0,"179":0,"180":0,"181":0},"f":{"0":276,"1":745,"2":0,"3":23,"4":110,"5":0,"6":228,"7":342,"8":114,"9":0},"b":{"0":[23],"1":[4,19],"2":[23,21],"3":[4,19],"4":[2944,2944],"5":[50,60],"6":[12,98],"7":[21,89],"8":[8,102],"9":[0,0],"10":[0,0],"11":[0,0],"12":[0,0],"13":[0,0],"14":[0,0],"15":[0,0],"16":[0,0],"17":[0,0]},"meta":{"lastBranch":18,"lastFunction":10,"lastStatement":182,"seen":{"f:6:4:6:16":0,"s:7:8:7:Infinity":0,"s:8:8:8:Infinity":1,"s:9:8:9:Infinity":2,"f:12:4:12:9":1,"s:13:8:13:Infinity":3,"f:16:4:16:9":2,"s:17:8:17:Infinity":4,"s:22:23:36:Infinity":5,"s:38:12:51:Infinity":6,"s:53:11:53:Infinity":7,"s:54:12:54:Infinity":8,"s:56:9:56:Infinity":9,"s:57:4:57:Infinity":10,"s:59:9:59:Infinity":11,"s:60:9:60:Infinity":12,"f:62:4:62:16":3,"b:62:23:62:26":0,"b:63:8:66:Infinity:undefined:undefined:undefined:undefined":1,"s:63:8:66:Infinity":13,"b:63:12:63:24:63:24:63:34":2,"s:65:12:65:Infinity":14,"s:68:8:68:Infinity":15,"b:69:8:71:Infinity:undefined:undefined:undefined:undefined":3,"s:69:8:71:Infinity":16,"s:70:12:70:Infinity":17,"s:73:8:83:Infinity":18,"s:73:21:73:24":19,"b:75:12:79:Infinity:77:19:79:Infinity":4,"s:75:12:79:Infinity":20,"s:76:16:76:Infinity":21,"s:78:16:78:Infinity":22,"s:81:12:81:Infinity":23,"s:82:12:82:Infinity":24,"f:86:4:86:13":4,"s:89:14:89:Infinity":25,"s:90:16:90:Infinity":26,"s:91:16:91:Infinity":27,"s:92:14:92:Infinity":28,"s:93:19:93:Infinity":29,"s:94:19:94:Infinity":30,"b:98:8:106:Infinity:102:15:106:Infinity":5,"s:98:8:106:Infinity":31,"s:100:12:100:Infinity":32,"s:101:12:101:Infinity":33,"s:104:12:104:Infinity":34,"s:105:12:105:Infinity":35,"s:110:19:110:Infinity":36,"s:111:19:111:Infinity":37,"s:112:19:112:Infinity":38,"s:113:19:113:Infinity":39,"s:115:8:115:Infinity":40,"s:116:8:116:Infinity":41,"s:117:20:117:Infinity":42,"s:118:20:118:Infinity":43,"s:119:20:119:Infinity":44,"s:121:17:121:Infinity":45,"b:122:8:127:Infinity:124:15:127:Infinity":6,"s:122:8:127:Infinity":46,"s:123:12:123:Infinity":47,"s:125:12:125:Infinity":48,"s:126:12:126:Infinity":49,"s:128:17:128:Infinity":50,"b:129:8:134:Infinity:131:15:134:Infinity":7,"s:129:8:134:Infinity":51,"s:130:12:130:Infinity":52,"s:132:12:132:Infinity":53,"s:133:12:133:Infinity":54,"s:135:17:135:Infinity":55,"b:136:8:141:Infinity:138:15:141:Infinity":8,"s:136:8:141:Infinity":56,"s:137:12:137:Infinity":57,"s:139:12:139:Infinity":58,"s:140:12:140:Infinity":59,"s:144:8:144:Infinity":60,"f:147:4:147:13":5,"s:151:14:151:Infinity":61,"s:152:16:152:Infinity":62,"s:153:16:153:Infinity":63,"s:154:16:154:Infinity":64,"s:156:14:156:Infinity":65,"s:157:19:157:Infinity":66,"s:158:19:158:Infinity":67,"s:159:19:159:Infinity":68,"b:165:8:211:Infinity:188:15:211:Infinity":9,"s:165:8:211:Infinity":69,"b:166:12:187:Infinity:173:12:187:Infinity":10,"s:166:12:187:Infinity":70,"s:167:16:167:Infinity":71,"s:168:16:168:Infinity":72,"s:169:16:169:Infinity":73,"s:170:16:170:Infinity":74,"s:171:16:171:Infinity":75,"s:172:16:172:Infinity":76,"b:173:12:187:Infinity:180:19:187:Infinity":11,"s:173:12:187:Infinity":77,"s:174:16:174:Infinity":78,"s:175:16:175:Infinity":79,"s:176:16:176:Infinity":80,"s:177:16:177:Infinity":81,"s:178:16:178:Infinity":82,"s:179:16:179:Infinity":83,"s:181:16:181:Infinity":84,"s:182:16:182:Infinity":85,"s:183:16:183:Infinity":86,"s:184:16:184:Infinity":87,"s:185:16:185:Infinity":88,"s:186:16:186:Infinity":89,"b:189:12:210:Infinity:196:12:210:Infinity":12,"s:189:12:210:Infinity":90,"s:190:16:190:Infinity":91,"s:191:16:191:Infinity":92,"s:192:16:192:Infinity":93,"s:193:16:193:Infinity":94,"s:194:16:194:Infinity":95,"s:195:16:195:Infinity":96,"b:196:12:210:Infinity:203:19:210:Infinity":13,"s:196:12:210:Infinity":97,"s:197:16:197:Infinity":98,"s:198:16:198:Infinity":99,"s:199:16:199:Infinity":100,"s:200:16:200:Infinity":101,"s:201:16:201:Infinity":102,"s:202:16:202:Infinity":103,"s:204:16:204:Infinity":104,"s:205:16:205:Infinity":105,"s:206:16:206:Infinity":106,"s:207:16:207:Infinity":107,"s:208:16:208:Infinity":108,"s:209:16:209:Infinity":109,"s:216:19:216:Infinity":110,"s:217:19:217:Infinity":111,"s:218:19:218:Infinity":112,"s:220:19:220:Infinity":113,"s:221:19:221:Infinity":114,"s:222:19:222:Infinity":115,"s:224:19:224:Infinity":116,"s:225:19:225:Infinity":117,"s:226:19:226:Infinity":118,"s:229:8:229:Infinity":119,"s:230:8:230:Infinity":120,"s:231:8:231:Infinity":121,"s:232:20:232:Infinity":122,"s:233:20:233:Infinity":123,"s:234:20:234:Infinity":124,"s:235:20:235:Infinity":125,"s:238:17:238:Infinity":126,"b:239:8:244:Infinity:241:15:244:Infinity":14,"s:239:8:244:Infinity":127,"s:240:12:240:Infinity":128,"s:242:12:242:Infinity":129,"s:243:12:243:Infinity":130,"s:245:17:245:Infinity":131,"b:246:8:251:Infinity:248:15:251:Infinity":15,"s:246:8:251:Infinity":132,"s:247:12:247:Infinity":133,"s:249:12:249:Infinity":134,"s:250:12:250:Infinity":135,"s:252:17:252:Infinity":136,"b:253:8:258:Infinity:255:15:258:Infinity":16,"s:253:8:258:Infinity":137,"s:254:12:254:Infinity":138,"s:256:12:256:Infinity":139,"s:257:12:257:Infinity":140,"s:259:17:259:Infinity":141,"b:260:8:265:Infinity:262:15:265:Infinity":17,"s:260:8:265:Infinity":142,"s:261:12:261:Infinity":143,"s:263:12:263:Infinity":144,"s:264:12:264:Infinity":145,"s:268:8:268:Infinity":146,"f:273:12:273:17":6,"s:274:8:274:Infinity":147,"f:277:12:277:17":7,"s:278:8:278:Infinity":148,"f:281:4:281:12":8,"s:282:16:282:Infinity":149,"s:283:16:283:Infinity":150,"s:285:8:285:Infinity":151,"s:286:8:286:Infinity":152,"s:288:8:288:Infinity":153,"s:289:8:289:Infinity":154,"s:292:20:292:Infinity":155,"s:293:20:293:Infinity":156,"s:294:20:294:Infinity":157,"s:295:20:295:Infinity":158,"s:298:18:298:Infinity":159,"s:301:8:301:Infinity":160,"f:304:4:304:12":9,"s:306:16:306:Infinity":161,"s:307:16:307:Infinity":162,"s:308:16:308:Infinity":163,"s:310:8:310:Infinity":164,"s:311:8:311:Infinity":165,"s:312:8:312:Infinity":166,"s:314:8:314:Infinity":167,"s:315:8:315:Infinity":168,"s:316:8:316:Infinity":169,"s:319:21:319:Infinity":170,"s:320:21:320:Infinity":171,"s:321:21:321:Infinity":172,"s:322:21:322:Infinity":173,"s:323:21:323:Infinity":174,"s:324:21:324:Infinity":175,"s:325:21:325:Infinity":176,"s:326:21:330:Infinity":177,"s:333:18:333:Infinity":178,"s:334:18:334:Infinity":179,"s:335:18:335:Infinity":180,"s:338:8:342:Infinity":181}}}
,"/Users/romatroskin/Developer/romatroskin.github.io/src/hooks/useAnimationFrame.ts": {"path":"/Users/romatroskin/Developer/romatroskin.github.io/src/hooks/useAnimationFrame.ts","statementMap":{"0":{"start":{"line":20,"column":39},"end":{"line":20,"column":null}},"1":{"start":{"line":22,"column":8},"end":{"line":22,"column":null}},"2":{"start":{"line":23,"column":8},"end":{"line":23,"column":null}},"3":{"start":{"line":24,"column":8},"end":{"line":24,"column":null}},"4":{"start":{"line":25,"column":8},"end":{"line":25,"column":null}},"5":{"start":{"line":26,"column":8},"end":{"line":26,"column":null}},"6":{"start":{"line":27,"column":8},"end":{"line":27,"column":null}},"7":{"start":{"line":30,"column":2},"end":{"line":30,"column":null}},"8":{"start":{"line":31,"column":2},"end":{"line":31,"column":null}},"9":{"start":{"line":32,"column":2},"end":{"line":32,"column":null}},"10":{"start":{"line":34,"column":2},"end":{"line":62,"column":null}},"11":{"start":{"line":35,"column":20},"end":{"line":53,"column":null}},"12":{"start":{"line":36,"column":6},"end":{"line":38,"column":null}},"13":{"start":{"line":37,"column":8},"end":{"line":37,"column":null}},"14":{"start":{"line":40,"column":22},"end":{"line":40,"column":null}},"15":{"start":{"line":41,"column":28},"end":{"line":41,"column":null}},"16":{"start":{"line":43,"column":6},"end":{"line":50,"column":null}},"17":{"start":{"line":44,"column":8},"end":{"line":44,"column":null}},"18":{"start":{"line":45,"column":8},"end":{"line":45,"column":null}},"19":{"start":{"line":46,"column":8},"end":{"line":46,"column":null}},"20":{"start":{"line":47,"column":6},"end":{"line":50,"column":null}},"21":{"start":{"line":49,"column":8},"end":{"line":49,"column":null}},"22":{"start":{"line":52,"column":6},"end":{"line":52,"column":null}},"23":{"start":{"line":55,"column":4},"end":{"line":55,"column":null}},"24":{"start":{"line":57,"column":4},"end":{"line":61,"column":null}},"25":{"start":{"line":58,"column":6},"end":{"line":60,"column":null}},"26":{"start":{"line":59,"column":8},"end":{"line":59,"column":null}}},"fnMap":{"0":{"name":"useAnimationFrame","decl":{"start":{"line":16,"column":16},"end":{"line":16,"column":null}},"loc":{"start":{"line":19,"column":8},"end":{"line":63,"column":null}},"line":19},"1":{"name":"(anonymous_1)","decl":{"start":{"line":34,"column":12},"end":{"line":34,"column":18}},"loc":{"start":{"line":34,"column":18},"end":{"line":62,"column":5}},"line":34},"2":{"name":"(anonymous_2)","decl":{"start":{"line":35,"column":20},"end":{"line":35,"column":21}},"loc":{"start":{"line":35,"column":43},"end":{"line":53,"column":null}},"line":35},"3":{"name":"(anonymous_3)","decl":{"start":{"line":57,"column":11},"end":{"line":57,"column":17}},"loc":{"start":{"line":57,"column":17},"end":{"line":61,"column":null}},"line":57}},"branchMap":{"0":{"loc":{"start":{"line":18,"column":2},"end":{"line":18,"column":null}},"type":"default-arg","locations":[{"start":{"line":18,"column":38},"end":{"line":18,"column":null}}],"line":18},"1":{"loc":{"start":{"line":20,"column":10},"end":{"line":20,"column":20}},"type":"default-arg","locations":[{"start":{"line":20,"column":16},"end":{"line":20,"column":20}}],"line":20},"2":{"loc":{"start":{"line":20,"column":20},"end":{"line":20,"column":35}},"type":"default-arg","locations":[{"start":{"line":20,"column":29},"end":{"line":20,"column":35}}],"line":20},"3":{"loc":{"start":{"line":36,"column":6},"end":{"line":38,"column":null}},"type":"if","locations":[{"start":{"line":36,"column":6},"end":{"line":38,"column":null}},{"start":{},"end":{}}],"line":36},"4":{"loc":{"start":{"line":43,"column":6},"end":{"line":50,"column":null}},"type":"if","locations":[{"start":{"line":43,"column":6},"end":{"line":50,"column":null}},{"start":{"line":47,"column":6},"end":{"line":50,"column":null}}],"line":43},"5":{"loc":{"start":{"line":43,"column":10},"end":{"line":43,"column":58}},"type":"binary-expr","locations":[{"start":{"line":43,"column":10},"end":{"line":43,"column":32}},{"start":{"line":43,"column":32},"end":{"line":43,"column":58}}],"line":43},"6":{"loc":{"start":{"line":47,"column":6},"end":{"line":50,"column":null}},"type":"if","locations":[{"start":{"line":47,"column":6},"end":{"line":50,"column":null}},{"start":{},"end":{}}],"line":47},"7":{"loc":{"start":{"line":58,"column":6},"end":{"line":60,"column":null}},"type":"if","locations":[{"start":{"line":58,"column":6},"end":{"line":60,"column":null}},{"start":{},"end":{}}],"line":58}},"s":{"0":13,"1":13,"2":13,"3":13,"4":13,"5":13,"6":13,"7":13,"8":13,"9":13,"10":13,"11":10,"12":27,"13":10,"14":27,"15":27,"16":27,"17":10,"18":10,"19":10,"20":17,"21":5,"22":27,"23":10,"24":10,"25":10,"26":10},"f":{"0":13,"1":10,"2":27,"3":10},"b":{"0":[13],"1":[13],"2":[13],"3":[10,17],"4":[10,17],"5":[27,22],"6":[5,12],"7":[10,0]},"meta":{"lastBranch":8,"lastFunction":4,"lastStatement":27,"seen":{"f:16:16:16:Infinity":0,"b:18:38:18:Infinity":0,"s:20:39:20:Infinity":0,"b:20:16:20:20":1,"b:20:29:20:35":2,"s:22:8:22:Infinity":1,"s:23:8:23:Infinity":2,"s:24:8:24:Infinity":3,"s:25:8:25:Infinity":4,"s:26:8:26:Infinity":5,"s:27:8:27:Infinity":6,"s:30:2:30:Infinity":7,"s:31:2:31:Infinity":8,"s:32:2:32:Infinity":9,"s:34:2:62:Infinity":10,"f:34:12:34:18":1,"s:35:20:53:Infinity":11,"f:35:20:35:21":2,"b:36:6:38:Infinity:undefined:undefined:undefined:undefined":3,"s:36:6:38:Infinity":12,"s:37:8:37:Infinity":13,"s:40:22:40:Infinity":14,"s:41:28:41:Infinity":15,"b:43:6:50:Infinity:47:6:50:Infinity":4,"s:43:6:50:Infinity":16,"b:43:10:43:32:43:32:43:58":5,"s:44:8:44:Infinity":17,"s:45:8:45:Infinity":18,"s:46:8:46:Infinity":19,"b:47:6:50:Infinity:undefined:undefined:undefined:undefined":6,"s:47:6:50:Infinity":20,"s:49:8:49:Infinity":21,"s:52:6:52:Infinity":22,"s:55:4:55:Infinity":23,"s:57:4:61:Infinity":24,"f:57:11:57:17":3,"b:58:6:60:Infinity:undefined:undefined:undefined:undefined":7,"s:58:6:60:Infinity":25,"s:59:8:59:Infinity":26}}}
,"/Users/romatroskin/Developer/romatroskin.github.io/src/hooks/usePerlinNoise.ts": {"path":"/Users/romatroskin/Developer/romatroskin.github.io/src/hooks/usePerlinNoise.ts","statementMap":{"0":{"start":{"line":16,"column":8},"end":{"line":18,"column":null}},"1":{"start":{"line":17,"column":4},"end":{"line":17,"column":null}},"2":{"start":{"line":21,"column":8},"end":{"line":21,"column":null}},"3":{"start":{"line":23,"column":2},"end":{"line":25,"column":null}},"4":{"start":{"line":24,"column":4},"end":{"line":24,"column":null}},"5":{"start":{"line":27,"column":2},"end":{"line":27,"column":null}}},"fnMap":{"0":{"name":"usePerlinNoise","decl":{"start":{"line":14,"column":16},"end":{"line":14,"column":31}},"loc":{"start":{"line":14,"column":54},"end":{"line":28,"column":null}},"line":14},"1":{"name":"(anonymous_1)","decl":{"start":{"line":16,"column":29},"end":{"line":16,"column":35}},"loc":{"start":{"line":16,"column":35},"end":{"line":18,"column":5}},"line":16}},"branchMap":{"0":{"loc":{"start":{"line":17,"column":11},"end":{"line":17,"column":null}},"type":"binary-expr","locations":[{"start":{"line":17,"column":11},"end":{"line":17,"column":19}},{"start":{"line":17,"column":19},"end":{"line":17,"column":null}}],"line":17},"1":{"loc":{"start":{"line":23,"column":2},"end":{"line":25,"column":null}},"type":"if","locations":[{"start":{"line":23,"column":2},"end":{"line":25,"column":null}},{"start":{},"end":{}}],"line":23}},"s":{"0":25,"1":13,"2":25,"3":25,"4":13,"5":25},"f":{"0":25,"1":13},"b":{"0":[13,3],"1":[13,12]},"meta":{"lastBranch":2,"lastFunction":2,"lastStatement":6,"seen":{"f:14:16:14:31":0,"s:16:8:18:Infinity":0,"f:16:29:16:35":1,"s:17:4:17:Infinity":1,"b:17:11:17:19:17:19:17:Infinity":0,"s:21:8:21:Infinity":2,"b:23:2:25:Infinity:undefined:undefined:undefined:undefined":1,"s:23:2:25:Infinity":3,"s:24:4:24:Infinity":4,"s:27:2:27:Infinity":5}}}
}
